<?xml version="1.0" encoding="UTF-8"?>
<!-- Generated by org.testng.reporters.JUnitXMLReporter -->
<testsuite ignored="4" hostname="LAPTOP-D7OSHBCM" failures="0" tests="2" name="Test1" time="67.838" errors="0" timestamp="2022-03-03T13:18:02 IST">
  <testcase classname="com.crm.GenericLibrary.BaseClass" name="@BeforeMethod login" time="0.001">
    <failure type="java.lang.NullPointerException" message="Cannot invoke &amp;quot;org.openqa.selenium.SearchContext.findElement(org.openqa.selenium.By)&amp;quot; because &amp;quot;this.searchContext&amp;quot; is null">
      <![CDATA[java.lang.NullPointerException: Cannot invoke "org.openqa.selenium.SearchContext.findElement(org.openqa.selenium.By)" because "this.searchContext" is null
at org.openqa.selenium.support.pagefactory.DefaultElementLocator.findElement(DefaultElementLocator.java:69)
at org.openqa.selenium.support.pagefactory.internal.LocatingElementHandler.invoke(LocatingElementHandler.java:38)
at jdk.proxy2/jdk.proxy2.$Proxy17.sendKeys(Unknown Source)
at com.crm.ObjectRepository.LoginPage.loginToApp(LoginPage.java:43)
at com.crm.GenericLibrary.BaseClass.login(BaseClass.java:74)
at java.base/java.util.ArrayList.forEach(ArrayList.java:1511)
at java.base/java.util.concurrent.FutureTask.run(FutureTask.java:264)
at java.base/java.util.concurrent.ThreadPoolExecutor.runWorker(ThreadPoolExecutor.java:1130)
at java.base/java.util.concurrent.ThreadPoolExecutor$Worker.run(ThreadPoolExecutor.java:630)
at java.base/java.lang.Thread.run(Thread.java:831)
... Removed 22 stack frames]]>
    </failure>
  </testcase> <!-- @BeforeMethod login -->
  <testcase classname="com.crm.GenericLibrary.BaseClass" name="@AfterMethod logout" time="-1.646293653287E9">
    <skipped/>
  </testcase> <!-- @AfterMethod logout -->
  <testcase classname="com.crm.GenericLibrary.BaseClass" name="@BeforeMethod login" time="0.002">
    <failure type="java.lang.NullPointerException" message="Cannot invoke &amp;quot;org.openqa.selenium.SearchContext.findElement(org.openqa.selenium.By)&amp;quot; because &amp;quot;this.searchContext&amp;quot; is null">
      <![CDATA[java.lang.NullPointerException: Cannot invoke "org.openqa.selenium.SearchContext.findElement(org.openqa.selenium.By)" because "this.searchContext" is null
at org.openqa.selenium.support.pagefactory.DefaultElementLocator.findElement(DefaultElementLocator.java:69)
at org.openqa.selenium.support.pagefactory.internal.LocatingElementHandler.invoke(LocatingElementHandler.java:38)
at jdk.proxy2/jdk.proxy2.$Proxy17.sendKeys(Unknown Source)
at com.crm.ObjectRepository.LoginPage.loginToApp(LoginPage.java:43)
at com.crm.GenericLibrary.BaseClass.login(BaseClass.java:74)
at java.base/java.util.ArrayList.forEach(ArrayList.java:1511)
at java.base/java.util.concurrent.FutureTask.run(FutureTask.java:264)
at java.base/java.util.concurrent.ThreadPoolExecutor.runWorker(ThreadPoolExecutor.java:1130)
at java.base/java.util.concurrent.ThreadPoolExecutor$Worker.run(ThreadPoolExecutor.java:630)
at java.base/java.lang.Thread.run(Thread.java:831)
... Removed 22 stack frames]]>
    </failure>
  </testcase> <!-- @BeforeMethod login -->
  <testcase classname="com.crm.GenericLibrary.BaseClass" name="@AfterMethod logout" time="-1.646293681686E9">
    <skipped/>
  </testcase> <!-- @AfterMethod logout -->
  <testcase classname="com.crm.CampaignTests.CreateCampaignProductTest" name="createCampaignProductTest" time="48.213"/>
  <testcase classname="com.crm.OrganizationTests.CreateOrgDropDownTest" name="createOrgDropDown" time="0.001">
    <skipped/>
  </testcase> <!-- createOrgDropDown -->
  <testcase classname="com.crm.GenericLibrary.BaseClass" name="@AfterTest closeBrowser" time="0.0">
    <ignored/>
  </testcase> <!-- @AfterTest closeBrowser -->
  <testcase classname="com.crm.GenericLibrary.BaseClass" name="@BeforeTest launchTheBrowser" time="0.0">
    <ignored/>
  </testcase> <!-- @BeforeTest launchTheBrowser -->
  <testcase classname="com.crm.GenericLibrary.BaseClass" name="@AfterSuite closeDb" time="0.0">
    <ignored/>
  </testcase> <!-- @AfterSuite closeDb -->
  <testcase classname="com.crm.GenericLibrary.BaseClass" name="@BeforeSuite connectDataBase" time="0.0">
    <ignored/>
  </testcase> <!-- @BeforeSuite connectDataBase -->
</testsuite> <!-- Test1 -->
