<?xml version="1.0" encoding="UTF-8"?>
<!-- Generated by org.testng.reporters.JUnitXMLReporter -->
<testsuite ignored="2" hostname="LAPTOP-D7OSHBCM" failures="0" tests="2" name="Test 2" time="76.606" errors="0" timestamp="2022-03-03T13:12:46 IST">
  <testcase classname="com.crm.LeadTests.CreateLeadTest" name="createLead" time="10.611"/>
  <testcase classname="com.crm.ContactTests.CreateContactTest" name="createContactTest" time="32.008"/>
  <testcase classname="com.crm.GenericLibrary.BaseClass" name="@AfterSuite closeDb" time="0.0">
    <ignored/>
  </testcase> <!-- @AfterSuite closeDb -->
  <testcase classname="com.crm.GenericLibrary.BaseClass" name="@BeforeSuite connectDataBase" time="0.0">
    <ignored/>
  </testcase> <!-- @BeforeSuite connectDataBase -->
</testsuite> <!-- Test 2 -->
