<?xml version="1.0" encoding="UTF-8"?>
<!-- Generated by org.testng.reporters.JUnitXMLReporter -->
<testsuite ignored="2" hostname="LAPTOP-D7OSHBCM" failures="0" tests="2" name="Test 1" time="81.701" errors="0" timestamp="2022-03-03T13:12:51 IST">
  <testcase classname="com.crm.OrganizationTests.CreateOrgTest" name="createOrgTest" time="17.781"/>
  <testcase classname="com.crm.OrganizationTests.CreateOrgWithIndTypeTest" name="createOrgWithIndTypeTest" time="33.681"/>
  <testcase classname="com.crm.GenericLibrary.BaseClass" name="@AfterSuite closeDb" time="0.0">
    <ignored/>
  </testcase> <!-- @AfterSuite closeDb -->
  <testcase classname="com.crm.GenericLibrary.BaseClass" name="@BeforeSuite connectDataBase" time="0.0">
    <ignored/>
  </testcase> <!-- @BeforeSuite connectDataBase -->
</testsuite> <!-- Test 1 -->
